2020-12-16 07:55:40,385 INFO [Test worker] o.s.b.t.c.SpringBootTestContextBootstrapper [AbstractTestContextBootstrapper.java:308] Neither @ContextConfiguration nor @ContextHierarchy found for test class [org.dell.kube.pagesapi.HomeApiTest], using SpringBootContextLoader
2020-12-16 07:55:40,415 INFO [Test worker] o.s.t.c.s.AbstractContextLoader [AbstractContextLoader.java:264] Could not detect default resource locations for test class [org.dell.kube.pagesapi.HomeApiTest]: no resource found for suffixes {-context.xml, Context.groovy}.
2020-12-16 07:55:40,582 INFO [Test worker] o.s.b.t.c.SpringBootTestContextBootstrapper [AbstractTestContextBootstrapper.java:248] Loaded default TestExecutionListener class names from location [META-INF/spring.factories]: [org.springframework.boot.test.autoconfigure.restdocs.RestDocsTestExecutionListener, org.springframework.boot.test.autoconfigure.web.client.MockRestServiceServerResetTestExecutionListener, org.springframework.boot.test.autoconfigure.web.servlet.MockMvcPrintOnlyOnFailureTestExecutionListener, org.springframework.boot.test.autoconfigure.web.servlet.WebDriverTestExecutionListener, org.springframework.boot.test.autoconfigure.webservices.client.MockWebServiceServerTestExecutionListener, org.springframework.boot.test.mock.mockito.MockitoTestExecutionListener, org.springframework.boot.test.mock.mockito.ResetMocksTestExecutionListener, org.springframework.test.context.web.ServletTestExecutionListener, org.springframework.test.context.support.DirtiesContextBeforeModesTestExecutionListener, org.springframework.test.context.support.DependencyInjectionTestExecutionListener, org.springframework.test.context.support.DirtiesContextTestExecutionListener, org.springframework.test.context.transaction.TransactionalTestExecutionListener, org.springframework.test.context.jdbc.SqlScriptsTestExecutionListener, org.springframework.test.context.event.EventPublishingTestExecutionListener]
2020-12-16 07:55:40,597 INFO [Test worker] o.s.b.t.c.SpringBootTestContextBootstrapper [AbstractTestContextBootstrapper.java:177] Using TestExecutionListeners: [org.springframework.test.context.web.ServletTestExecutionListener@e4e071, org.springframework.test.context.support.DirtiesContextBeforeModesTestExecutionListener@2c72c4a0, org.springframework.boot.test.mock.mockito.MockitoTestExecutionListener@b332abe, org.springframework.boot.test.autoconfigure.SpringBootDependencyInjectionTestExecutionListener@4e1652a3, org.springframework.test.context.support.DirtiesContextTestExecutionListener@6956c478, org.springframework.test.context.transaction.TransactionalTestExecutionListener@533b5a36, org.springframework.test.context.jdbc.SqlScriptsTestExecutionListener@414fec35, org.springframework.test.context.event.EventPublishingTestExecutionListener@3db02df5, org.springframework.boot.test.autoconfigure.restdocs.RestDocsTestExecutionListener@621a5b3f, org.springframework.boot.test.autoconfigure.web.client.MockRestServiceServerResetTestExecutionListener@6b7947a0, org.springframework.boot.test.autoconfigure.web.servlet.MockMvcPrintOnlyOnFailureTestExecutionListener@556920be, org.springframework.boot.test.autoconfigure.web.servlet.WebDriverTestExecutionListener@690a7063, org.springframework.boot.test.autoconfigure.webservices.client.MockWebServiceServerTestExecutionListener@59f90dde, org.springframework.boot.test.mock.mockito.ResetMocksTestExecutionListener@781c1506]
2020-12-16 07:55:41,074 INFO [Test worker] o.d.k.p.HomeApiTest [StartupInfoLogger.java:55] Starting HomeApiTest on lin01 with PID 26231 (started by student in /home/student/workspace/pages)
2020-12-16 07:55:41,077 INFO [Test worker] o.d.k.p.HomeApiTest [SpringApplication.java:651] No active profile set, falling back to default profiles: default
2020-12-16 07:55:43,258 INFO [Test worker] o.s.b.w.e.t.TomcatWebServer [TomcatWebServer.java:108] Tomcat initialized with port(s): 0 (http)
2020-12-16 07:55:43,274 INFO [Test worker] o.a.c.h.Http11NioProtocol [DirectJDKLog.java:173] Initializing ProtocolHandler ["http-nio-auto-1"]
2020-12-16 07:55:43,276 INFO [Test worker] o.a.c.c.StandardService [DirectJDKLog.java:173] Starting service [Tomcat]
2020-12-16 07:55:43,277 INFO [Test worker] o.a.c.c.StandardEngine [DirectJDKLog.java:173] Starting Servlet engine: [Apache Tomcat/9.0.36]
2020-12-16 07:55:43,382 INFO [Test worker] o.a.c.c.C.[.[.[/] [DirectJDKLog.java:173] Initializing Spring embedded WebApplicationContext
2020-12-16 07:55:43,385 INFO [Test worker] o.s.b.w.s.c.ServletWebServerApplicationContext [ServletWebServerApplicationContext.java:285] Root WebApplicationContext: initialization completed in 2279 ms
2020-12-16 07:55:44,079 INFO [Test worker] o.s.s.c.ThreadPoolTaskExecutor [ExecutorConfigurationSupport.java:181] Initializing ExecutorService 'applicationTaskExecutor'
2020-12-16 07:55:44,685 INFO [Test worker] o.s.b.a.e.w.EndpointLinksResolver [EndpointLinksResolver.java:58] Exposing 2 endpoint(s) beneath base path '/actuator'
2020-12-16 07:55:44,766 INFO [Test worker] o.a.c.h.Http11NioProtocol [DirectJDKLog.java:173] Starting ProtocolHandler ["http-nio-auto-1"]
2020-12-16 07:55:44,816 INFO [Test worker] o.s.b.w.e.t.TomcatWebServer [TomcatWebServer.java:220] Tomcat started on port(s): 44699 (http) with context path ''
2020-12-16 07:55:44,835 INFO [Test worker] o.d.k.p.HomeApiTest [StartupInfoLogger.java:61] Started HomeApiTest in 4.201 seconds (JVM running for 5.495)
2020-12-16 07:55:45,295 INFO [http-nio-auto-1-exec-1] o.a.c.c.C.[.[.[/] [DirectJDKLog.java:173] Initializing Spring DispatcherServlet 'dispatcherServlet'
2020-12-16 07:55:45,297 INFO [http-nio-auto-1-exec-1] o.s.w.s.DispatcherServlet [FrameworkServlet.java:525] Initializing Servlet 'dispatcherServlet'
2020-12-16 07:55:45,317 INFO [http-nio-auto-1-exec-1] o.s.w.s.DispatcherServlet [FrameworkServlet.java:547] Completed initialization in 19 ms
2020-12-16 07:55:45,470 INFO [http-nio-auto-1-exec-2] c.z.h.HikariDataSource [HikariDataSource.java:110] HikariPool-1 - Starting...
2020-12-16 07:55:45,666 INFO [http-nio-auto-1-exec-2] c.z.h.HikariDataSource [HikariDataSource.java:123] HikariPool-1 - Start completed.
2020-12-16 07:55:45,758 INFO [Test worker] o.s.b.t.c.SpringBootTestContextBootstrapper [AbstractTestContextBootstrapper.java:308] Neither @ContextConfiguration nor @ContextHierarchy found for test class [org.dell.kube.pagesapi.PageApiTest], using SpringBootContextLoader
2020-12-16 07:55:45,759 INFO [Test worker] o.s.t.c.s.AbstractContextLoader [AbstractContextLoader.java:264] Could not detect default resource locations for test class [org.dell.kube.pagesapi.PageApiTest]: no resource found for suffixes {-context.xml, Context.groovy}.
2020-12-16 07:55:45,762 INFO [Test worker] o.s.b.t.c.SpringBootTestContextBootstrapper [AbstractTestContextBootstrapper.java:248] Loaded default TestExecutionListener class names from location [META-INF/spring.factories]: [org.springframework.boot.test.autoconfigure.restdocs.RestDocsTestExecutionListener, org.springframework.boot.test.autoconfigure.web.client.MockRestServiceServerResetTestExecutionListener, org.springframework.boot.test.autoconfigure.web.servlet.MockMvcPrintOnlyOnFailureTestExecutionListener, org.springframework.boot.test.autoconfigure.web.servlet.WebDriverTestExecutionListener, org.springframework.boot.test.autoconfigure.webservices.client.MockWebServiceServerTestExecutionListener, org.springframework.boot.test.mock.mockito.MockitoTestExecutionListener, org.springframework.boot.test.mock.mockito.ResetMocksTestExecutionListener, org.springframework.test.context.web.ServletTestExecutionListener, org.springframework.test.context.support.DirtiesContextBeforeModesTestExecutionListener, org.springframework.test.context.support.DependencyInjectionTestExecutionListener, org.springframework.test.context.support.DirtiesContextTestExecutionListener, org.springframework.test.context.transaction.TransactionalTestExecutionListener, org.springframework.test.context.jdbc.SqlScriptsTestExecutionListener, org.springframework.test.context.event.EventPublishingTestExecutionListener]
2020-12-16 07:55:45,767 INFO [Test worker] o.s.b.t.c.SpringBootTestContextBootstrapper [AbstractTestContextBootstrapper.java:177] Using TestExecutionListeners: [org.springframework.test.context.web.ServletTestExecutionListener@171eb239, org.springframework.test.context.support.DirtiesContextBeforeModesTestExecutionListener@1bbe5be8, org.springframework.boot.test.mock.mockito.MockitoTestExecutionListener@57914e29, org.springframework.boot.test.autoconfigure.SpringBootDependencyInjectionTestExecutionListener@bc116ad, org.springframework.test.context.support.DirtiesContextTestExecutionListener@692cf296, org.springframework.test.context.transaction.TransactionalTestExecutionListener@249540, org.springframework.test.context.jdbc.SqlScriptsTestExecutionListener@5d19636b, org.springframework.test.context.event.EventPublishingTestExecutionListener@5eee621b, org.springframework.boot.test.autoconfigure.restdocs.RestDocsTestExecutionListener@50d88312, org.springframework.boot.test.autoconfigure.web.client.MockRestServiceServerResetTestExecutionListener@74f292dc, org.springframework.boot.test.autoconfigure.web.servlet.MockMvcPrintOnlyOnFailureTestExecutionListener@6266b512, org.springframework.boot.test.autoconfigure.web.servlet.WebDriverTestExecutionListener@4f35fdff, org.springframework.boot.test.autoconfigure.webservices.client.MockWebServiceServerTestExecutionListener@5b613718, org.springframework.boot.test.mock.mockito.ResetMocksTestExecutionListener@3b652ada]
2020-12-16 07:55:45,895 INFO [http-nio-auto-1-exec-3] o.d.k.p.PageController [PageController.java:21] CREATE-INFO:Creating a new page
2020-12-16 07:55:45,959 INFO [http-nio-auto-1-exec-3] o.d.k.p.PageController [PageController.java:24] CREATE-INFO:Created a new page with id = 1
2020-12-16 07:55:45,974 INFO [http-nio-auto-1-exec-4] o.d.k.p.PageController [PageController.java:42] LIST-INFO:Fetching all pages
2020-12-16 07:55:46,074 INFO [http-nio-auto-1-exec-5] o.d.k.p.PageController [PageController.java:21] CREATE-INFO:Creating a new page
2020-12-16 07:55:46,081 INFO [http-nio-auto-1-exec-5] o.d.k.p.PageController [PageController.java:24] CREATE-INFO:Created a new page with id = 1
2020-12-16 07:55:46,097 INFO [http-nio-auto-1-exec-6] o.d.k.p.PageController [PageController.java:30] READ-INFO:Fetching page with id = 1
2020-12-16 07:55:46,143 INFO [http-nio-auto-1-exec-7] o.d.k.p.PageController [PageController.java:21] CREATE-INFO:Creating a new page
2020-12-16 07:55:46,150 INFO [http-nio-auto-1-exec-7] o.d.k.p.PageController [PageController.java:24] CREATE-INFO:Created a new page with id = 1
2020-12-16 07:55:46,191 INFO [http-nio-auto-1-exec-8] o.d.k.p.PageController [PageController.java:21] CREATE-INFO:Creating a new page
2020-12-16 07:55:46,198 INFO [http-nio-auto-1-exec-8] o.d.k.p.PageController [PageController.java:24] CREATE-INFO:Created a new page with id = 1
2020-12-16 07:55:46,205 INFO [http-nio-auto-1-exec-9] o.d.k.p.PageController [PageController.java:64] DELETE-INFO:Deleting the page with id = 1
2020-12-16 07:55:46,212 INFO [http-nio-auto-1-exec-9] o.d.k.p.PageController [PageController.java:67] DELETE-INFO:Deleted the page with id = 1
2020-12-16 07:55:46,218 INFO [http-nio-auto-1-exec-10] o.d.k.p.PageController [PageController.java:30] READ-INFO:Fetching page with id = 1
2020-12-16 07:55:46,220 ERROR [http-nio-auto-1-exec-10] o.d.k.p.PageController [PageController.java:36] READ-ERROR:Could not find page with id = 1
2020-12-16 07:55:46,258 INFO [http-nio-auto-1-exec-1] o.d.k.p.PageController [PageController.java:21] CREATE-INFO:Creating a new page
2020-12-16 07:55:46,265 INFO [http-nio-auto-1-exec-1] o.d.k.p.PageController [PageController.java:24] CREATE-INFO:Created a new page with id = 1
2020-12-16 07:55:46,275 INFO [http-nio-auto-1-exec-2] o.d.k.p.PageController [PageController.java:49] UPDATE-INFO:Updating the page with id = 1
2020-12-16 07:55:46,282 INFO [http-nio-auto-1-exec-2] o.d.k.p.PageController [PageController.java:53] UPDATE-INFO:Updated the page with id = 1
2020-12-16 07:55:46,291 INFO [Test worker] o.s.b.t.c.SpringBootTestContextBootstrapper [AbstractTestContextBootstrapper.java:308] Neither @ContextConfiguration nor @ContextHierarchy found for test class [org.dell.kube.pages.MySqlPageRepositoryTest], using SpringBootContextLoader
2020-12-16 07:55:46,292 INFO [Test worker] o.s.t.c.s.AbstractContextLoader [AbstractContextLoader.java:264] Could not detect default resource locations for test class [org.dell.kube.pages.MySqlPageRepositoryTest]: no resource found for suffixes {-context.xml, Context.groovy}.
2020-12-16 07:55:46,294 INFO [Test worker] o.s.t.c.s.AnnotationConfigContextLoaderUtils [AnnotationConfigContextLoaderUtils.java:83] Could not detect default configuration classes for test class [org.dell.kube.pages.MySqlPageRepositoryTest]: MySqlPageRepositoryTest does not declare any static, non-private, non-final, nested classes annotated with @Configuration.
2020-12-16 07:55:46,299 INFO [Test worker] o.s.b.t.c.SpringBootTestContextBootstrapper [SpringBootTestContextBootstrapper.java:237] Found @SpringBootConfiguration org.dell.kube.pages.PageApplication for test class org.dell.kube.pages.MySqlPageRepositoryTest
2020-12-16 07:55:46,301 INFO [Test worker] o.s.b.t.c.SpringBootTestContextBootstrapper [AbstractTestContextBootstrapper.java:248] Loaded default TestExecutionListener class names from location [META-INF/spring.factories]: [org.springframework.boot.test.autoconfigure.restdocs.RestDocsTestExecutionListener, org.springframework.boot.test.autoconfigure.web.client.MockRestServiceServerResetTestExecutionListener, org.springframework.boot.test.autoconfigure.web.servlet.MockMvcPrintOnlyOnFailureTestExecutionListener, org.springframework.boot.test.autoconfigure.web.servlet.WebDriverTestExecutionListener, org.springframework.boot.test.autoconfigure.webservices.client.MockWebServiceServerTestExecutionListener, org.springframework.boot.test.mock.mockito.MockitoTestExecutionListener, org.springframework.boot.test.mock.mockito.ResetMocksTestExecutionListener, org.springframework.test.context.web.ServletTestExecutionListener, org.springframework.test.context.support.DirtiesContextBeforeModesTestExecutionListener, org.springframework.test.context.support.DependencyInjectionTestExecutionListener, org.springframework.test.context.support.DirtiesContextTestExecutionListener, org.springframework.test.context.transaction.TransactionalTestExecutionListener, org.springframework.test.context.jdbc.SqlScriptsTestExecutionListener, org.springframework.test.context.event.EventPublishingTestExecutionListener]
2020-12-16 07:55:46,302 INFO [Test worker] o.s.b.t.c.SpringBootTestContextBootstrapper [AbstractTestContextBootstrapper.java:177] Using TestExecutionListeners: [org.springframework.test.context.web.ServletTestExecutionListener@363780e9, org.springframework.test.context.support.DirtiesContextBeforeModesTestExecutionListener@41621a43, org.springframework.boot.test.mock.mockito.MockitoTestExecutionListener@4a79d205, org.springframework.boot.test.autoconfigure.SpringBootDependencyInjectionTestExecutionListener@9f19c87, org.springframework.test.context.support.DirtiesContextTestExecutionListener@34b7598, org.springframework.test.context.transaction.TransactionalTestExecutionListener@52aac7b0, org.springframework.test.context.jdbc.SqlScriptsTestExecutionListener@56c7de1a, org.springframework.test.context.event.EventPublishingTestExecutionListener@53d775e1, org.springframework.boot.test.autoconfigure.restdocs.RestDocsTestExecutionListener@b683db6, org.springframework.boot.test.autoconfigure.web.client.MockRestServiceServerResetTestExecutionListener@ffbfc2c, org.springframework.boot.test.autoconfigure.web.servlet.MockMvcPrintOnlyOnFailureTestExecutionListener@6724d4c7, org.springframework.boot.test.autoconfigure.web.servlet.WebDriverTestExecutionListener@f34ddbf, org.springframework.boot.test.autoconfigure.webservices.client.MockWebServiceServerTestExecutionListener@457bd462, org.springframework.boot.test.mock.mockito.ResetMocksTestExecutionListener@15314a7d]
2020-12-16 07:55:46,330 INFO [Test worker] o.d.k.p.MySqlPageRepositoryTest [StartupInfoLogger.java:55] Starting MySqlPageRepositoryTest on lin01 with PID 26231 (started by student in /home/student/workspace/pages)
2020-12-16 07:55:46,331 INFO [Test worker] o.d.k.p.MySqlPageRepositoryTest [SpringApplication.java:651] No active profile set, falling back to default profiles: default
2020-12-16 07:55:47,327 INFO [Test worker] o.s.s.c.ThreadPoolTaskExecutor [ExecutorConfigurationSupport.java:181] Initializing ExecutorService 'applicationTaskExecutor'
2020-12-16 07:55:47,717 INFO [Test worker] o.s.b.a.e.w.EndpointLinksResolver [EndpointLinksResolver.java:58] Exposing 2 endpoint(s) beneath base path '/actuator'
2020-12-16 07:55:47,763 INFO [Test worker] o.d.k.p.MySqlPageRepositoryTest [StartupInfoLogger.java:61] Started MySqlPageRepositoryTest in 1.454 seconds (JVM running for 8.423)
2020-12-16 07:55:47,776 INFO [Test worker] c.z.h.HikariDataSource [HikariDataSource.java:110] HikariPool-2 - Starting...
2020-12-16 07:55:47,783 INFO [Test worker] c.z.h.HikariDataSource [HikariDataSource.java:123] HikariPool-2 - Start completed.
2020-12-16 07:55:48,069 INFO [Test worker] o.d.k.p.PageController [PageController.java:42] LIST-INFO:Fetching all pages
2020-12-16 07:55:48,087 INFO [Test worker] o.d.k.p.PageController [PageController.java:30] READ-INFO:Fetching page with id = 1
2020-12-16 07:55:48,090 INFO [Test worker] o.d.k.p.PageController [PageController.java:30] READ-INFO:Fetching page with id = 1
2020-12-16 07:55:48,091 ERROR [Test worker] o.d.k.p.PageController [PageController.java:36] READ-ERROR:Could not find page with id = 1
2020-12-16 07:55:48,096 INFO [Test worker] o.d.k.p.PageController [PageController.java:49] UPDATE-INFO:Updating the page with id = 1
2020-12-16 07:55:48,097 ERROR [Test worker] o.d.k.p.PageController [PageController.java:58] UPDATE-ERROR:Could not update the page with id = 1
2020-12-16 07:55:48,102 INFO [Test worker] o.d.k.p.PageController [PageController.java:21] CREATE-INFO:Creating a new page
2020-12-16 07:55:48,109 INFO [Test worker] o.d.k.p.PageController [PageController.java:24] CREATE-INFO:Created a new page with id = 1
2020-12-16 07:55:48,111 INFO [Test worker] o.d.k.p.PageController [PageController.java:64] DELETE-INFO:Deleting the page with id = 1
2020-12-16 07:55:48,113 INFO [Test worker] o.d.k.p.PageController [PageController.java:67] DELETE-INFO:Deleted the page with id = 1
2020-12-16 07:55:48,117 INFO [Test worker] o.d.k.p.PageController [PageController.java:49] UPDATE-INFO:Updating the page with id = 1
2020-12-16 07:55:48,119 INFO [Test worker] o.d.k.p.PageController [PageController.java:53] UPDATE-INFO:Updated the page with id = 1
2020-12-16 07:55:48,152 INFO [SpringContextShutdownHook] o.s.s.c.ThreadPoolTaskExecutor [ExecutorConfigurationSupport.java:218] Shutting down ExecutorService 'applicationTaskExecutor'
2020-12-16 07:55:48,156 INFO [SpringContextShutdownHook] c.z.h.HikariDataSource [HikariDataSource.java:350] HikariPool-2 - Shutdown initiated...
2020-12-16 07:55:48,177 INFO [SpringContextShutdownHook] c.z.h.HikariDataSource [HikariDataSource.java:352] HikariPool-2 - Shutdown completed.
2020-12-16 07:55:48,197 INFO [SpringContextShutdownHook] o.s.s.c.ThreadPoolTaskExecutor [ExecutorConfigurationSupport.java:218] Shutting down ExecutorService 'applicationTaskExecutor'
2020-12-16 07:55:48,198 INFO [SpringContextShutdownHook] c.z.h.HikariDataSource [HikariDataSource.java:350] HikariPool-1 - Shutdown initiated...
2020-12-16 07:55:48,209 INFO [SpringContextShutdownHook] c.z.h.HikariDataSource [HikariDataSource.java:352] HikariPool-1 - Shutdown completed.
2020-12-16 07:56:58,313 INFO [main] o.d.k.p.PageApplication [StartupInfoLogger.java:55] Starting PageApplication on lin01 with PID 26880 (/home/student/workspace/pages/build/classes/java/main started by student in /home/student/workspace/pages)
2020-12-16 07:56:58,316 INFO [main] o.d.k.p.PageApplication [SpringApplication.java:651] No active profile set, falling back to default profiles: default
2020-12-16 07:56:59,669 INFO [main] o.s.b.w.e.t.TomcatWebServer [TomcatWebServer.java:108] Tomcat initialized with port(s): 8080 (http)
2020-12-16 07:56:59,682 INFO [main] o.a.c.h.Http11NioProtocol [DirectJDKLog.java:173] Initializing ProtocolHandler ["http-nio-8080"]
2020-12-16 07:56:59,683 INFO [main] o.a.c.c.StandardService [DirectJDKLog.java:173] Starting service [Tomcat]
2020-12-16 07:56:59,683 INFO [main] o.a.c.c.StandardEngine [DirectJDKLog.java:173] Starting Servlet engine: [Apache Tomcat/9.0.36]
2020-12-16 07:56:59,740 INFO [main] o.a.c.c.C.[.[.[/] [DirectJDKLog.java:173] Initializing Spring embedded WebApplicationContext
2020-12-16 07:56:59,740 INFO [main] o.s.b.w.s.c.ServletWebServerApplicationContext [ServletWebServerApplicationContext.java:285] Root WebApplicationContext: initialization completed in 1384 ms
2020-12-16 07:57:00,033 INFO [main] o.s.s.c.ThreadPoolTaskExecutor [ExecutorConfigurationSupport.java:181] Initializing ExecutorService 'applicationTaskExecutor'
2020-12-16 07:57:00,256 INFO [main] o.s.b.a.e.w.EndpointLinksResolver [EndpointLinksResolver.java:58] Exposing 2 endpoint(s) beneath base path '/actuator'
2020-12-16 07:57:00,277 INFO [main] o.a.c.h.Http11NioProtocol [DirectJDKLog.java:173] Starting ProtocolHandler ["http-nio-8080"]
2020-12-16 07:57:00,308 INFO [main] o.s.b.w.e.t.TomcatWebServer [TomcatWebServer.java:220] Tomcat started on port(s): 8080 (http) with context path ''
2020-12-16 07:57:00,324 INFO [main] o.d.k.p.PageApplication [StartupInfoLogger.java:61] Started PageApplication in 2.35 seconds (JVM running for 2.743)
2020-12-16 07:57:22,607 INFO [http-nio-8080-exec-1] o.a.c.c.C.[.[.[/] [DirectJDKLog.java:173] Initializing Spring DispatcherServlet 'dispatcherServlet'
2020-12-16 07:57:22,608 INFO [http-nio-8080-exec-1] o.s.w.s.DispatcherServlet [FrameworkServlet.java:525] Initializing Servlet 'dispatcherServlet'
2020-12-16 07:57:22,614 INFO [http-nio-8080-exec-1] o.s.w.s.DispatcherServlet [FrameworkServlet.java:547] Completed initialization in 6 ms
2020-12-16 07:57:22,637 INFO [http-nio-8080-exec-1] o.d.k.p.PageController [PageController.java:42] LIST-INFO:Fetching all pages
2020-12-16 07:57:22,656 INFO [http-nio-8080-exec-1] c.z.h.HikariDataSource [HikariDataSource.java:110] HikariPool-1 - Starting...
2020-12-16 07:57:22,770 INFO [http-nio-8080-exec-1] c.z.h.HikariDataSource [HikariDataSource.java:123] HikariPool-1 - Start completed.
2020-12-16 07:57:36,900 INFO [SpringContextShutdownHook] o.s.s.c.ThreadPoolTaskExecutor [ExecutorConfigurationSupport.java:218] Shutting down ExecutorService 'applicationTaskExecutor'
2020-12-16 07:57:36,906 INFO [SpringContextShutdownHook] c.z.h.HikariDataSource [HikariDataSource.java:350] HikariPool-1 - Shutdown initiated...
2020-12-16 07:57:36,922 INFO [SpringContextShutdownHook] c.z.h.HikariDataSource [HikariDataSource.java:352] HikariPool-1 - Shutdown completed.
